<?xml version="1.0" encoding="UTF-8"?>
<testsuite xmlns:xsi="http://www.w3.org/2001/XMLSchema-instance" xsi:noNamespaceSchemaLocation="https://maven.apache.org/surefire/maven-surefire-plugin/xsd/surefire-test-report.xsd" name="TestSuite" time="7.538" tests="2" errors="0" skipped="0" failures="1">
  <properties>
    <property name="gopherProxySet" value="false"/>
    <property name="awt.toolkit" value="sun.lwawt.macosx.LWCToolkit"/>
    <property name="java.specification.version" value="11"/>
    <property name="sun.cpu.isalist" value=""/>
    <property name="sun.jnu.encoding" value="UTF-8"/>
    <property name="java.class.path" value="/Users/akmal360/eclipse-workspace/API_Testing_Basic/target/test-classes:/Users/akmal360/eclipse-workspace/API_Testing_Basic/target/classes:/Users/akmal360/.m2/repository/junit/junit/4.11/junit-4.11.jar:/Users/akmal360/.m2/repository/org/hamcrest/hamcrest-core/1.3/hamcrest-core-1.3.jar:/Users/akmal360/.m2/repository/io/rest-assured/rest-assured/5.3.0/rest-assured-5.3.0.jar:/Users/akmal360/.m2/repository/org/apache/groovy/groovy/4.0.6/groovy-4.0.6.jar:/Users/akmal360/.m2/repository/org/apache/groovy/groovy-xml/4.0.6/groovy-xml-4.0.6.jar:/Users/akmal360/.m2/repository/org/apache/httpcomponents/httpclient/4.5.13/httpclient-4.5.13.jar:/Users/akmal360/.m2/repository/org/apache/httpcomponents/httpcore/4.4.13/httpcore-4.4.13.jar:/Users/akmal360/.m2/repository/commons-logging/commons-logging/1.2/commons-logging-1.2.jar:/Users/akmal360/.m2/repository/commons-codec/commons-codec/1.11/commons-codec-1.11.jar:/Users/akmal360/.m2/repository/org/apache/httpcomponents/httpmime/4.5.13/httpmime-4.5.13.jar:/Users/akmal360/.m2/repository/org/hamcrest/hamcrest/2.1/hamcrest-2.1.jar:/Users/akmal360/.m2/repository/org/ccil/cowan/tagsoup/tagsoup/1.2.1/tagsoup-1.2.1.jar:/Users/akmal360/.m2/repository/io/rest-assured/xml-path/5.3.0/xml-path-5.3.0.jar:/Users/akmal360/.m2/repository/org/apache/commons/commons-lang3/3.11/commons-lang3-3.11.jar:/Users/akmal360/.m2/repository/org/testng/testng/7.7.1/testng-7.7.1.jar:/Users/akmal360/.m2/repository/org/slf4j/slf4j-api/1.7.36/slf4j-api-1.7.36.jar:/Users/akmal360/.m2/repository/com/beust/jcommander/1.82/jcommander-1.82.jar:/Users/akmal360/.m2/repository/org/webjars/jquery/3.6.1/jquery-3.6.1.jar:/Users/akmal360/.m2/repository/io/rest-assured/json-path/5.3.0/json-path-5.3.0.jar:/Users/akmal360/.m2/repository/org/apache/groovy/groovy-json/4.0.6/groovy-json-4.0.6.jar:/Users/akmal360/.m2/repository/io/rest-assured/rest-assured-common/5.3.0/rest-assured-common-5.3.0.jar:/Users/akmal360/.m2/repository/com/google/code/gson/gson/2.10/gson-2.10.jar:/Users/akmal360/.m2/repository/org/json/json/20220924/json-20220924.jar:/Users/akmal360/.m2/repository/com/github/scribejava/scribejava-apis/8.3.3/scribejava-apis-8.3.3.jar:/Users/akmal360/.m2/repository/com/github/scribejava/scribejava-core/8.3.3/scribejava-core-8.3.3.jar:/Users/akmal360/.m2/repository/com/github/scribejava/scribejava-java8/8.3.3/scribejava-java8-8.3.3.jar:/Users/akmal360/.m2/repository/com/fasterxml/jackson/core/jackson-databind/2.14.0/jackson-databind-2.14.0.jar:/Users/akmal360/.m2/repository/com/fasterxml/jackson/core/jackson-annotations/2.14.0/jackson-annotations-2.14.0.jar:/Users/akmal360/.m2/repository/com/fasterxml/jackson/core/jackson-core/2.14.0/jackson-core-2.14.0.jar:/Users/akmal360/.m2/repository/com/github/fge/json-schema-validator/2.2.6/json-schema-validator-2.2.6.jar:/Users/akmal360/.m2/repository/com/google/code/findbugs/jsr305/3.0.0/jsr305-3.0.0.jar:/Users/akmal360/.m2/repository/joda-time/joda-time/2.3/joda-time-2.3.jar:/Users/akmal360/.m2/repository/com/googlecode/libphonenumber/libphonenumber/6.2/libphonenumber-6.2.jar:/Users/akmal360/.m2/repository/com/github/fge/json-schema-core/1.2.5/json-schema-core-1.2.5.jar:/Users/akmal360/.m2/repository/com/github/fge/uri-template/0.9/uri-template-0.9.jar:/Users/akmal360/.m2/repository/com/github/fge/msg-simple/1.1/msg-simple-1.1.jar:/Users/akmal360/.m2/repository/com/github/fge/btf/1.2/btf-1.2.jar:/Users/akmal360/.m2/repository/com/google/guava/guava/16.0.1/guava-16.0.1.jar:/Users/akmal360/.m2/repository/com/github/fge/jackson-coreutils/1.8/jackson-coreutils-1.8.jar:/Users/akmal360/.m2/repository/org/mozilla/rhino/1.7R4/rhino-1.7R4.jar:/Users/akmal360/.m2/repository/javax/mail/mailapi/1.4.3/mailapi-1.4.3.jar:/Users/akmal360/.m2/repository/javax/activation/activation/1.1/activation-1.1.jar:/Users/akmal360/.m2/repository/net/sf/jopt-simple/jopt-simple/4.6/jopt-simple-4.6.jar:"/>
    <property name="java.vm.vendor" value="Oracle Corporation"/>
    <property name="sun.arch.data.model" value="64"/>
    <property name="java.vendor.url" value="https://openjdk.java.net/"/>
    <property name="user.timezone" value=""/>
    <property name="java.vm.specification.version" value="11"/>
    <property name="os.name" value="Mac OS X"/>
    <property name="sun.java.launcher" value="SUN_STANDARD"/>
    <property name="user.country" value="US"/>
    <property name="sun.boot.library.path" value="/Library/Java/JavaVirtualMachines/jdk-11.0.16.1.jdk/Contents/Home/lib"/>
    <property name="sun.java.command" value="/Users/akmal360/eclipse-workspace/API_Testing_Basic/target/surefire/surefirebooter14927432192870481037.jar /Users/akmal360/eclipse-workspace/API_Testing_Basic/target/surefire 2023-01-24T00-00-38_542-jvmRun1 surefire5107135034951265524tmp surefire_02396511503111180821tmp"/>
    <property name="http.nonProxyHosts" value="local|*.local|169.254/16|*.169.254/16"/>
    <property name="jdk.debug" value="release"/>
    <property name="surefire.test.class.path" value="/Users/akmal360/eclipse-workspace/API_Testing_Basic/target/test-classes:/Users/akmal360/eclipse-workspace/API_Testing_Basic/target/classes:/Users/akmal360/.m2/repository/junit/junit/4.11/junit-4.11.jar:/Users/akmal360/.m2/repository/org/hamcrest/hamcrest-core/1.3/hamcrest-core-1.3.jar:/Users/akmal360/.m2/repository/io/rest-assured/rest-assured/5.3.0/rest-assured-5.3.0.jar:/Users/akmal360/.m2/repository/org/apache/groovy/groovy/4.0.6/groovy-4.0.6.jar:/Users/akmal360/.m2/repository/org/apache/groovy/groovy-xml/4.0.6/groovy-xml-4.0.6.jar:/Users/akmal360/.m2/repository/org/apache/httpcomponents/httpclient/4.5.13/httpclient-4.5.13.jar:/Users/akmal360/.m2/repository/org/apache/httpcomponents/httpcore/4.4.13/httpcore-4.4.13.jar:/Users/akmal360/.m2/repository/commons-logging/commons-logging/1.2/commons-logging-1.2.jar:/Users/akmal360/.m2/repository/commons-codec/commons-codec/1.11/commons-codec-1.11.jar:/Users/akmal360/.m2/repository/org/apache/httpcomponents/httpmime/4.5.13/httpmime-4.5.13.jar:/Users/akmal360/.m2/repository/org/hamcrest/hamcrest/2.1/hamcrest-2.1.jar:/Users/akmal360/.m2/repository/org/ccil/cowan/tagsoup/tagsoup/1.2.1/tagsoup-1.2.1.jar:/Users/akmal360/.m2/repository/io/rest-assured/xml-path/5.3.0/xml-path-5.3.0.jar:/Users/akmal360/.m2/repository/org/apache/commons/commons-lang3/3.11/commons-lang3-3.11.jar:/Users/akmal360/.m2/repository/org/testng/testng/7.7.1/testng-7.7.1.jar:/Users/akmal360/.m2/repository/org/slf4j/slf4j-api/1.7.36/slf4j-api-1.7.36.jar:/Users/akmal360/.m2/repository/com/beust/jcommander/1.82/jcommander-1.82.jar:/Users/akmal360/.m2/repository/org/webjars/jquery/3.6.1/jquery-3.6.1.jar:/Users/akmal360/.m2/repository/io/rest-assured/json-path/5.3.0/json-path-5.3.0.jar:/Users/akmal360/.m2/repository/org/apache/groovy/groovy-json/4.0.6/groovy-json-4.0.6.jar:/Users/akmal360/.m2/repository/io/rest-assured/rest-assured-common/5.3.0/rest-assured-common-5.3.0.jar:/Users/akmal360/.m2/repository/com/google/code/gson/gson/2.10/gson-2.10.jar:/Users/akmal360/.m2/repository/org/json/json/20220924/json-20220924.jar:/Users/akmal360/.m2/repository/com/github/scribejava/scribejava-apis/8.3.3/scribejava-apis-8.3.3.jar:/Users/akmal360/.m2/repository/com/github/scribejava/scribejava-core/8.3.3/scribejava-core-8.3.3.jar:/Users/akmal360/.m2/repository/com/github/scribejava/scribejava-java8/8.3.3/scribejava-java8-8.3.3.jar:/Users/akmal360/.m2/repository/com/fasterxml/jackson/core/jackson-databind/2.14.0/jackson-databind-2.14.0.jar:/Users/akmal360/.m2/repository/com/fasterxml/jackson/core/jackson-annotations/2.14.0/jackson-annotations-2.14.0.jar:/Users/akmal360/.m2/repository/com/fasterxml/jackson/core/jackson-core/2.14.0/jackson-core-2.14.0.jar:/Users/akmal360/.m2/repository/com/github/fge/json-schema-validator/2.2.6/json-schema-validator-2.2.6.jar:/Users/akmal360/.m2/repository/com/google/code/findbugs/jsr305/3.0.0/jsr305-3.0.0.jar:/Users/akmal360/.m2/repository/joda-time/joda-time/2.3/joda-time-2.3.jar:/Users/akmal360/.m2/repository/com/googlecode/libphonenumber/libphonenumber/6.2/libphonenumber-6.2.jar:/Users/akmal360/.m2/repository/com/github/fge/json-schema-core/1.2.5/json-schema-core-1.2.5.jar:/Users/akmal360/.m2/repository/com/github/fge/uri-template/0.9/uri-template-0.9.jar:/Users/akmal360/.m2/repository/com/github/fge/msg-simple/1.1/msg-simple-1.1.jar:/Users/akmal360/.m2/repository/com/github/fge/btf/1.2/btf-1.2.jar:/Users/akmal360/.m2/repository/com/google/guava/guava/16.0.1/guava-16.0.1.jar:/Users/akmal360/.m2/repository/com/github/fge/jackson-coreutils/1.8/jackson-coreutils-1.8.jar:/Users/akmal360/.m2/repository/org/mozilla/rhino/1.7R4/rhino-1.7R4.jar:/Users/akmal360/.m2/repository/javax/mail/mailapi/1.4.3/mailapi-1.4.3.jar:/Users/akmal360/.m2/repository/javax/activation/activation/1.1/activation-1.1.jar:/Users/akmal360/.m2/repository/net/sf/jopt-simple/jopt-simple/4.6/jopt-simple-4.6.jar:"/>
    <property name="sun.cpu.endian" value="little"/>
    <property name="user.home" value="/Users/akmal360"/>
    <property name="user.language" value="en"/>
    <property name="java.specification.vendor" value="Oracle Corporation"/>
    <property name="java.version.date" value="2022-08-18"/>
    <property name="java.home" value="/Library/Java/JavaVirtualMachines/jdk-11.0.16.1.jdk/Contents/Home"/>
    <property name="file.separator" value="/"/>
    <property name="basedir" value="/Users/akmal360/eclipse-workspace/API_Testing_Basic"/>
    <property name="java.vm.compressedOopsMode" value="Zero based"/>
    <property name="line.separator" value="&#10;"/>
    <property name="java.specification.name" value="Java Platform API Specification"/>
    <property name="java.vm.specification.vendor" value="Oracle Corporation"/>
    <property name="java.awt.graphicsenv" value="sun.awt.CGraphicsEnvironment"/>
    <property name="surefire.real.class.path" value="/Users/akmal360/eclipse-workspace/API_Testing_Basic/target/surefire/surefirebooter14927432192870481037.jar"/>
    <property name="sun.management.compiler" value="HotSpot 64-Bit Tiered Compilers"/>
    <property name="ftp.nonProxyHosts" value="local|*.local|169.254/16|*.169.254/16"/>
    <property name="java.runtime.version" value="11.0.16.1+1-LTS-1"/>
    <property name="user.name" value="akmal360"/>
    <property name="path.separator" value=":"/>
    <property name="os.version" value="13.1"/>
    <property name="java.runtime.name" value="Java(TM) SE Runtime Environment"/>
    <property name="file.encoding" value="UTF-8"/>
    <property name="java.vm.name" value="Java HotSpot(TM) 64-Bit Server VM"/>
    <property name="java.vendor.version" value="18.9"/>
    <property name="localRepository" value="/Users/akmal360/.m2/repository"/>
    <property name="java.vendor.url.bug" value="https://bugreport.java.com/bugreport/"/>
    <property name="java.io.tmpdir" value="/var/folders/71/650z4rvn18183l86dhj11q7w0000gn/T/"/>
    <property name="java.version" value="11.0.16.1"/>
    <property name="user.dir" value="/Users/akmal360/eclipse-workspace/API_Testing_Basic"/>
    <property name="os.arch" value="x86_64"/>
    <property name="java.vm.specification.name" value="Java Virtual Machine Specification"/>
    <property name="java.awt.printerjob" value="sun.lwawt.macosx.CPrinterJob"/>
    <property name="sun.os.patch.level" value="unknown"/>
    <property name="java.library.path" value="/Users/akmal360/Library/Java/Extensions:/Library/Java/Extensions:/Network/Library/Java/Extensions:/System/Library/Java/Extensions:/usr/lib/java:."/>
    <property name="java.vendor" value="Oracle Corporation"/>
    <property name="java.vm.info" value="mixed mode"/>
    <property name="java.vm.version" value="11.0.16.1+1-LTS-1"/>
    <property name="sun.io.unicode.encoding" value="UnicodeBig"/>
    <property name="java.class.version" value="55.0"/>
    <property name="socksNonProxyHosts" value="local|*.local|169.254/16|*.169.254/16"/>
  </properties>
  <testcase name="testCookisInfo" classname="day3.CookisTest" time="1.981"/>
  <testcase name="testHeaders4" classname="day3.HeaderTest" time="0.042">
    <failure message="Connection refused (Connection refused)" type="java.net.ConnectException">java.net.ConnectException: Connection refused (Connection refused)
	at day3.HeaderTest.testHeaders4(HeaderTest.java:65)
</failure>
  </testcase>
</testsuite>