<?xml version="1.0" encoding="UTF-8"?>
<!-- Generated by org.testng.reporters.JUnitReportReporter -->
<testsuite hostname="root.local" failures="0" tests="2" name="day5.testXMLResponse" time="3.101" errors="0" timestamp="2023-01-22T21:56:42 EST" skipped="0">
  <testcase classname="day5.testXMLResponse" name="testResponseWithXML_2" time="2.382"/>
  <system-out/>
  <testcase classname="day5.testXMLResponse" name="testResponseWithXML_3" time="0.719"/>
  <system-out/>
</testsuite> <!-- day5.testXMLResponse -->
