<?xml version="1.0" encoding="UTF-8"?>
<!-- Generated by org.testng.reporters.JUnitReportReporter -->
<testsuite hostname="root.local" failures="0" tests="1" name="day6.JSONSchemaValidation" time="1.863" errors="0" timestamp="2023-01-30T15:05:44 EST" skipped="0">
  <testcase classname="day6.JSONSchemaValidation" name="jsonSchemaValidation" time="1.863"/>
  <system-out/>
</testsuite> <!-- day6.JSONSchemaValidation -->
