<?xml version="1.0" encoding="UTF-8"?>
<!-- Generated by org.testng.reporters.JUnitReportReporter -->
<testsuite hostname="root.local" failures="0" tests="1" name="day6.SerilizationDeserilization" time="0.322" errors="0" timestamp="2023-01-30T23:58:40 EST" skipped="0">
  <testcase classname="day6.SerilizationDeserilization" name="converJsonToPojo" time="0.322"/>
  <system-out/>
</testsuite> <!-- day6.SerilizationDeserilization -->
