<?xml version="1.0" encoding="UTF-8"?>
<!-- Generated by org.testng.reporters.JUnitReportReporter -->
<testsuite hostname="root.local" failures="0" tests="1" name="day3.CookisTest" time="1.980" errors="0" timestamp="2023-01-24T00:00:46 EST" skipped="0">
  <testcase classname="day3.CookisTest" name="testCookisInfo" time="1.980"/>
  <system-out/>
</testsuite> <!-- day3.CookisTest -->
